<?xml version="1.0" encoding="UTF-8"?>
<!-- Generated by org.testng.reporters.JUnitXMLReporter -->
<testsuite hostname="Dell5250" ignored="0" name="Surefire test" tests="14" failures="2" timestamp="2021-02-09T00:16:48 AST" time="232.017" errors="0">
  <testcase name="@BeforeMethod setUp" time="3.398" classname="com.crm.qa.testcases.LoginPageTest">
    <failure type="org.openqa.selenium.SessionNotCreatedException" message="session not created
from tab crashed
  (Session info: headless chrome=88.0.4324.146)
Build info: version: &amp;apos;3.141.59&amp;apos;, revision: &amp;apos;e82be7d358&amp;apos;, time: &amp;apos;2018-11-14T08:17:03&amp;apos;
System info: host: &amp;apos;DELL5250&amp;apos;, ip: &amp;apos;192.168.2.14&amp;apos;, os.name: &amp;apos;Windows 10&amp;apos;, os.arch: &amp;apos;amd64&amp;apos;, os.version: &amp;apos;10.0&amp;apos;, java.version: &amp;apos;1.8.0_281&amp;apos;
Driver info: driver.version: ChromeDriver
remote stacktrace: Backtrace:
	GetHandleVerifier [0x0037B963+483]
	GetHandleVerifier [0x0037B941+449]
	GetHandleVerifier [0x007231B0+3832368]
	GetHandleVerifier [0x00718250+3787472]
	GetHandleVerifier [0x00718028+3786920]
	GetHandleVerifier [0x007176CD+3784525]
	GetHandleVerifier [0x00716A47+3781319]
	GetHandleVerifier [0x00716E36+3782326]
	GetHandleVerifier [0x00716765+3780581]
	GetHandleVerifier [0x0071FB21+3818401]
	GetHandleVerifier [0x00716721+3780513]
	GetHandleVerifier [0x007174B2+3783986]
	GetHandleVerifier [0x00716A47+3781319]
	GetHandleVerifier [0x00716E36+3782326]
	GetHandleVerifier [0x00716765+3780581]
	GetHandleVerifier [0x0071BD38+3802552]
	GetHandleVerifier [0x0071BD87+3802631]
	GetHandleVerifier [0x00716721+3780513]
	GetHandleVerifier [0x007174B2+3783986]
	GetHandleVerifier [0x00716A47+3781319]
	GetHandleVerifier [0x00716E36+3782326]
	GetHandleVerifier [0x00716765+3780581]
	GetHandleVerifier [0x0071DF9C+3811356]
	GetHandleVerifier [0x00716721+3780513]
	GetHandleVerifier [0x007174B2+3783986]
	GetHandleVerifier [0x00716A47+3781319]
	GetHandleVerifier [0x00716E36+3782326]
	GetHandleVerifier [0x00716765+3780581]
	GetHandleVerifier [0x0071C392+3804178]
	GetHandleVerifier [0x00716721+3780513]
	GetHandleVerifier [0x007174B2+3783986]
	GetHandleVerifier [0x00716A47+3781319]
	GetHandleVerifier [0x00716E36+3782326]
	GetHandleVerifier [0x00716765+3780581]
	GetHandleVerifier [0x0071B655+3800789]
	GetHandleVerifier [0x00716721+3780513]
	GetHandleVerifier [0x007174B2+3783986]
	GetHandleVerifier [0x00716A47+3781319]
	GetHandleVerifier [0x00716E36+3782326]
	GetHandleVerifier [0x00716765+3780581]
	GetHandleVerifier [0x00712F46+3766214]
	GetHandleVerifier [0x00716721+3780513]
	GetHandleVerifier [0x00716543+3780035]
	GetHandleVerifier [0x00716337+3779511]
	GetHandleVerifier [0x00724540+3837376]
	GetHandleVerifier [0x0075F4BC+4078908]
	GetHandleVerifier [0x0075E56C+4074988]
	GetHandleVerifier [0x0075B2EB+4062059]
	GetHandleVerifier [0x0073ED14+3945876]
	GetHandleVerifier [0x0073FBCE+3949646]
	GetHandleVerifier [0x0073FB59+3949529]
	Ordinal0 [0x0033B5CC+46540]
	Ordinal0 [0x00339F53+40787]
	Ordinal0 [0x00339B12+39698]
	GetHandleVerifier [0x00641468+2907368]
	GetHandleVerifier [0x004871EE+1096302]
	GetHandleVerifier [0x00443E8D+821005]
	GetHandleVerifier [0x0044396B+819691]
	GetHandleVerifier [0x00443881+819457]
	GetHandleVerifier [0x0046F463+998627]
	BaseThreadInitThunk [0x76A7FA29+25]
	RtlGetAppContainerNamedObjectPath [0x77A375F4+228]
	RtlGetAppContainerNamedObjectPath [0x77A375C4+180]
">
      <![CDATA[org.openqa.selenium.SessionNotCreatedException: session not created
from tab crashed
  (Session info: headless chrome=88.0.4324.146)
Build info: version: '3.141.59', revision: 'e82be7d358', time: '2018-11-14T08:17:03'
System info: host: 'DELL5250', ip: '192.168.2.14', os.name: 'Windows 10', os.arch: 'amd64', os.version: '10.0', java.version: '1.8.0_281'
Driver info: driver.version: ChromeDriver
remote stacktrace: Backtrace:
GetHandleVerifier [0x0037B963+483]
GetHandleVerifier [0x0037B941+449]
GetHandleVerifier [0x007231B0+3832368]
GetHandleVerifier [0x00718250+3787472]
GetHandleVerifier [0x00718028+3786920]
GetHandleVerifier [0x007176CD+3784525]
GetHandleVerifier [0x00716A47+3781319]
GetHandleVerifier [0x00716E36+3782326]
GetHandleVerifier [0x00716765+3780581]
GetHandleVerifier [0x0071FB21+3818401]
GetHandleVerifier [0x00716721+3780513]
GetHandleVerifier [0x007174B2+3783986]
GetHandleVerifier [0x00716A47+3781319]
GetHandleVerifier [0x00716E36+3782326]
GetHandleVerifier [0x00716765+3780581]
GetHandleVerifier [0x0071BD38+3802552]
GetHandleVerifier [0x0071BD87+3802631]
GetHandleVerifier [0x00716721+3780513]
GetHandleVerifier [0x007174B2+3783986]
GetHandleVerifier [0x00716A47+3781319]
GetHandleVerifier [0x00716E36+3782326]
GetHandleVerifier [0x00716765+3780581]
GetHandleVerifier [0x0071DF9C+3811356]
GetHandleVerifier [0x00716721+3780513]
GetHandleVerifier [0x007174B2+3783986]
GetHandleVerifier [0x00716A47+3781319]
GetHandleVerifier [0x00716E36+3782326]
GetHandleVerifier [0x00716765+3780581]
GetHandleVerifier [0x0071C392+3804178]
GetHandleVerifier [0x00716721+3780513]
GetHandleVerifier [0x007174B2+3783986]
GetHandleVerifier [0x00716A47+3781319]
GetHandleVerifier [0x00716E36+3782326]
GetHandleVerifier [0x00716765+3780581]
GetHandleVerifier [0x0071B655+3800789]
GetHandleVerifier [0x00716721+3780513]
GetHandleVerifier [0x007174B2+3783986]
GetHandleVerifier [0x00716A47+3781319]
GetHandleVerifier [0x00716E36+3782326]
GetHandleVerifier [0x00716765+3780581]
GetHandleVerifier [0x00712F46+3766214]
GetHandleVerifier [0x00716721+3780513]
GetHandleVerifier [0x00716543+3780035]
GetHandleVerifier [0x00716337+3779511]
GetHandleVerifier [0x00724540+3837376]
GetHandleVerifier [0x0075F4BC+4078908]
GetHandleVerifier [0x0075E56C+4074988]
GetHandleVerifier [0x0075B2EB+4062059]
GetHandleVerifier [0x0073ED14+3945876]
GetHandleVerifier [0x0073FBCE+3949646]
GetHandleVerifier [0x0073FB59+3949529]
Ordinal0 [0x0033B5CC+46540]
Ordinal0 [0x00339F53+40787]
Ordinal0 [0x00339B12+39698]
GetHandleVerifier [0x00641468+2907368]
GetHandleVerifier [0x004871EE+1096302]
GetHandleVerifier [0x00443E8D+821005]
GetHandleVerifier [0x0044396B+819691]
GetHandleVerifier [0x00443881+819457]
GetHandleVerifier [0x0046F463+998627]
BaseThreadInitThunk [0x76A7FA29+25]
RtlGetAppContainerNamedObjectPath [0x77A375F4+228]
RtlGetAppContainerNamedObjectPath [0x77A375C4+180]

at org.openqa.selenium.remote.W3CHandshakeResponse.lambda$errorHandler$0(W3CHandshakeResponse.java:62)
at org.openqa.selenium.remote.HandshakeResponse.lambda$getResponseFunction$0(HandshakeResponse.java:30)
at org.openqa.selenium.remote.ProtocolHandshake.lambda$createSession$0(ProtocolHandshake.java:126)
at java.util.stream.ReferencePipeline$3$1.accept(ReferencePipeline.java:193)
at java.util.Spliterators$ArraySpliterator.tryAdvance(Spliterators.java:958)
at java.util.stream.ReferencePipeline.forEachWithCancel(ReferencePipeline.java:126)
at java.util.stream.AbstractPipeline.copyIntoWithCancel(AbstractPipeline.java:499)
at java.util.stream.AbstractPipeline.copyInto(AbstractPipeline.java:486)
at java.util.stream.AbstractPipeline.wrapAndCopyInto(AbstractPipeline.java:472)
at java.util.stream.FindOps$FindOp.evaluateSequential(FindOps.java:152)
at java.util.stream.AbstractPipeline.evaluate(AbstractPipeline.java:234)
at java.util.stream.ReferencePipeline.findFirst(ReferencePipeline.java:464)
at org.openqa.selenium.remote.ProtocolHandshake.createSession(ProtocolHandshake.java:128)
at org.openqa.selenium.remote.ProtocolHandshake.createSession(ProtocolHandshake.java:74)
at org.openqa.selenium.remote.HttpCommandExecutor.execute(HttpCommandExecutor.java:136)
at org.openqa.selenium.remote.service.DriverCommandExecutor.execute(DriverCommandExecutor.java:83)
at org.openqa.selenium.remote.RemoteWebDriver.execute(RemoteWebDriver.java:552)
at org.openqa.selenium.remote.RemoteWebDriver.startSession(RemoteWebDriver.java:213)
at org.openqa.selenium.remote.RemoteWebDriver.<init>(RemoteWebDriver.java:131)
at org.openqa.selenium.chrome.ChromeDriver.<init>(ChromeDriver.java:181)
at org.openqa.selenium.chrome.ChromeDriver.<init>(ChromeDriver.java:168)
at org.openqa.selenium.chrome.ChromeDriver.<init>(ChromeDriver.java:157)
at com.crm.qa.base.TestBase.initialization(TestBase.java:40)
at com.crm.qa.testcases.LoginPageTest.setUp(LoginPageTest.java:29)
at java.util.ArrayList.forEach(ArrayList.java:1259)
... Removed 40 stack frames]]>
    </failure>
  </testcase> <!-- @BeforeMethod setUp -->
  <testcase name="@AfterMethod tearDown" time="-1.612844114141E9" classname="com.crm.qa.testcases.LoginPageTest">
    <skipped/>
  </testcase> <!-- @AfterMethod tearDown -->
  <testcase name="contactsLabelTest" time="1.327" classname="com.crm.qa.testcases.ContactsPageTest"/>
  <testcase name="singleContactsNameTest" time="21.212" classname="com.crm.qa.testcases.ContactsPageTest">
    <failure type="org.openqa.selenium.NoSuchElementException" message="no such element: Unable to locate element: {&amp;quot;method&amp;quot;:&amp;quot;xpath&amp;quot;,&amp;quot;selector&amp;quot;:&amp;quot;//td[contains(text(),&amp;apos;a k&amp;apos;)]&amp;quot;}
  (Session info: headless chrome=88.0.4324.146)
For documentation on this error, please visit: https://www.seleniumhq.org/exceptions/no_such_element.html
Build info: version: &amp;apos;3.141.59&amp;apos;, revision: &amp;apos;e82be7d358&amp;apos;, time: &amp;apos;2018-11-14T08:17:03&amp;apos;
System info: host: &amp;apos;DELL5250&amp;apos;, ip: &amp;apos;192.168.2.14&amp;apos;, os.name: &amp;apos;Windows 10&amp;apos;, os.arch: &amp;apos;amd64&amp;apos;, os.version: &amp;apos;10.0&amp;apos;, java.version: &amp;apos;1.8.0_281&amp;apos;
Driver info: org.openqa.selenium.chrome.ChromeDriver
Capabilities {acceptInsecureCerts: false, browserName: chrome, browserVersion: 88.0.4324.146, chrome: {chromedriverVersion: 88.0.4324.96 (68dba2d8a0b14..., userDataDir: C:\Users\neenu\AppData\Loca...}, goog:chromeOptions: {debuggerAddress: localhost:65360}, javascriptEnabled: true, networkConnectionEnabled: false, pageLoadStrategy: normal, platform: WINDOWS, platformName: WINDOWS, proxy: Proxy(), setWindowRect: true, strictFileInteractability: false, timeouts: {implicit: 0, pageLoad: 300000, script: 30000}, unhandledPromptBehavior: dismiss and notify, webauthn:extension:largeBlob: true, webauthn:virtualAuthenticators: true}
Session ID: 60db9bf0daa4b1c7e8ef65b702981a06
*** Element info: {Using=xpath, value=//td[contains(text(),&amp;apos;a k&amp;apos;)]}">
      <![CDATA[org.openqa.selenium.NoSuchElementException: no such element: Unable to locate element: {"method":"xpath","selector":"//td[contains(text(),'a k')]"}
  (Session info: headless chrome=88.0.4324.146)
For documentation on this error, please visit: https://www.seleniumhq.org/exceptions/no_such_element.html
Build info: version: '3.141.59', revision: 'e82be7d358', time: '2018-11-14T08:17:03'
System info: host: 'DELL5250', ip: '192.168.2.14', os.name: 'Windows 10', os.arch: 'amd64', os.version: '10.0', java.version: '1.8.0_281'
Driver info: org.openqa.selenium.chrome.ChromeDriver
Capabilities {acceptInsecureCerts: false, browserName: chrome, browserVersion: 88.0.4324.146, chrome: {chromedriverVersion: 88.0.4324.96 (68dba2d8a0b14..., userDataDir: C:\Users\neenu\AppData\Loca...}, goog:chromeOptions: {debuggerAddress: localhost:65360}, javascriptEnabled: true, networkConnectionEnabled: false, pageLoadStrategy: normal, platform: WINDOWS, platformName: WINDOWS, proxy: Proxy(), setWindowRect: true, strictFileInteractability: false, timeouts: {implicit: 0, pageLoad: 300000, script: 30000}, unhandledPromptBehavior: dismiss and notify, webauthn:extension:largeBlob: true, webauthn:virtualAuthenticators: true}
Session ID: 60db9bf0daa4b1c7e8ef65b702981a06
*** Element info: {Using=xpath, value=//td[contains(text(),'a k')]}
at org.openqa.selenium.remote.http.W3CHttpResponseCodec.createException(W3CHttpResponseCodec.java:187)
at org.openqa.selenium.remote.http.W3CHttpResponseCodec.decode(W3CHttpResponseCodec.java:122)
at org.openqa.selenium.remote.http.W3CHttpResponseCodec.decode(W3CHttpResponseCodec.java:49)
at org.openqa.selenium.remote.HttpCommandExecutor.execute(HttpCommandExecutor.java:158)
at org.openqa.selenium.remote.service.DriverCommandExecutor.execute(DriverCommandExecutor.java:83)
at org.openqa.selenium.remote.RemoteWebDriver.execute(RemoteWebDriver.java:552)
at org.openqa.selenium.remote.RemoteWebDriver.findElement(RemoteWebDriver.java:323)
at org.openqa.selenium.remote.RemoteWebDriver.findElementByXPath(RemoteWebDriver.java:428)
at org.openqa.selenium.By$ByXPath.findElement(By.java:353)
at org.openqa.selenium.remote.RemoteWebDriver.findElement(RemoteWebDriver.java:315)
at com.crm.qa.pages.ContactsPage.selectContactsName(ContactsPage.java:27)
at com.crm.qa.testcases.ContactsPageTest.singleContactsNameTest(ContactsPageTest.java:42)
at java.util.ArrayList.forEach(ArrayList.java:1259)
... Removed 36 stack frames]]>
    </failure>
  </testcase> <!-- singleContactsNameTest -->
  <testcase name="multipleContactsNameTest" time="21.441" classname="com.crm.qa.testcases.ContactsPageTest">
    <failure type="org.openqa.selenium.NoSuchElementException" message="no such element: Unable to locate element: {&amp;quot;method&amp;quot;:&amp;quot;xpath&amp;quot;,&amp;quot;selector&amp;quot;:&amp;quot;//td[contains(text(),&amp;apos;neenu samuel&amp;apos;)]&amp;quot;}
  (Session info: headless chrome=88.0.4324.146)
For documentation on this error, please visit: https://www.seleniumhq.org/exceptions/no_such_element.html
Build info: version: &amp;apos;3.141.59&amp;apos;, revision: &amp;apos;e82be7d358&amp;apos;, time: &amp;apos;2018-11-14T08:17:03&amp;apos;
System info: host: &amp;apos;DELL5250&amp;apos;, ip: &amp;apos;192.168.2.14&amp;apos;, os.name: &amp;apos;Windows 10&amp;apos;, os.arch: &amp;apos;amd64&amp;apos;, os.version: &amp;apos;10.0&amp;apos;, java.version: &amp;apos;1.8.0_281&amp;apos;
Driver info: org.openqa.selenium.chrome.ChromeDriver
Capabilities {acceptInsecureCerts: false, browserName: chrome, browserVersion: 88.0.4324.146, chrome: {chromedriverVersion: 88.0.4324.96 (68dba2d8a0b14..., userDataDir: C:\Users\neenu\AppData\Loca...}, goog:chromeOptions: {debuggerAddress: localhost:65409}, javascriptEnabled: true, networkConnectionEnabled: false, pageLoadStrategy: normal, platform: WINDOWS, platformName: WINDOWS, proxy: Proxy(), setWindowRect: true, strictFileInteractability: false, timeouts: {implicit: 0, pageLoad: 300000, script: 30000}, unhandledPromptBehavior: dismiss and notify, webauthn:extension:largeBlob: true, webauthn:virtualAuthenticators: true}
Session ID: fdd5f60a0ecb799e5605c7bc648de478
*** Element info: {Using=xpath, value=//td[contains(text(),&amp;apos;neenu samuel&amp;apos;)]}">
      <![CDATA[org.openqa.selenium.NoSuchElementException: no such element: Unable to locate element: {"method":"xpath","selector":"//td[contains(text(),'neenu samuel')]"}
  (Session info: headless chrome=88.0.4324.146)
For documentation on this error, please visit: https://www.seleniumhq.org/exceptions/no_such_element.html
Build info: version: '3.141.59', revision: 'e82be7d358', time: '2018-11-14T08:17:03'
System info: host: 'DELL5250', ip: '192.168.2.14', os.name: 'Windows 10', os.arch: 'amd64', os.version: '10.0', java.version: '1.8.0_281'
Driver info: org.openqa.selenium.chrome.ChromeDriver
Capabilities {acceptInsecureCerts: false, browserName: chrome, browserVersion: 88.0.4324.146, chrome: {chromedriverVersion: 88.0.4324.96 (68dba2d8a0b14..., userDataDir: C:\Users\neenu\AppData\Loca...}, goog:chromeOptions: {debuggerAddress: localhost:65409}, javascriptEnabled: true, networkConnectionEnabled: false, pageLoadStrategy: normal, platform: WINDOWS, platformName: WINDOWS, proxy: Proxy(), setWindowRect: true, strictFileInteractability: false, timeouts: {implicit: 0, pageLoad: 300000, script: 30000}, unhandledPromptBehavior: dismiss and notify, webauthn:extension:largeBlob: true, webauthn:virtualAuthenticators: true}
Session ID: fdd5f60a0ecb799e5605c7bc648de478
*** Element info: {Using=xpath, value=//td[contains(text(),'neenu samuel')]}
at org.openqa.selenium.remote.http.W3CHttpResponseCodec.createException(W3CHttpResponseCodec.java:187)
at org.openqa.selenium.remote.http.W3CHttpResponseCodec.decode(W3CHttpResponseCodec.java:122)
at org.openqa.selenium.remote.http.W3CHttpResponseCodec.decode(W3CHttpResponseCodec.java:49)
at org.openqa.selenium.remote.HttpCommandExecutor.execute(HttpCommandExecutor.java:158)
at org.openqa.selenium.remote.service.DriverCommandExecutor.execute(DriverCommandExecutor.java:83)
at org.openqa.selenium.remote.RemoteWebDriver.execute(RemoteWebDriver.java:552)
at org.openqa.selenium.remote.RemoteWebDriver.findElement(RemoteWebDriver.java:323)
at org.openqa.selenium.remote.RemoteWebDriver.findElementByXPath(RemoteWebDriver.java:428)
at org.openqa.selenium.By$ByXPath.findElement(By.java:353)
at org.openqa.selenium.remote.RemoteWebDriver.findElement(RemoteWebDriver.java:315)
at com.crm.qa.pages.ContactsPage.selectContactsName(ContactsPage.java:27)
at com.crm.qa.testcases.ContactsPageTest.multipleContactsNameTest(ContactsPageTest.java:49)
at java.util.ArrayList.forEach(ArrayList.java:1259)
... Removed 36 stack frames]]>
    </failure>
  </testcase> <!-- multipleContactsNameTest -->
  <testcase name="homePageTitleTest" time="0.372" classname="com.crm.qa.testcases.HomePageTest"/>
  <testcase name="displayNameTest" time="1.55" classname="com.crm.qa.testcases.HomePageTest"/>
  <testcase name="verifyContactsPageLink" time="1.375" classname="com.crm.qa.testcases.HomePageTest"/>
  <testcase name="loginPageTitleTest" time="0.011" classname="com.crm.qa.testcases.LoginPageTest"/>
  <testcase name="loginTest" time="0.612" classname="com.crm.qa.testcases.LoginPageTest"/>
  <testcase name="clickOnSignUpPageLinkTest" time="0.0" classname="com.crm.qa.testcases.LoginPageTest">
    <skipped/>
  </testcase> <!-- clickOnSignUpPageLinkTest -->
  <testcase name="newContactCreationTest" time="6.55" classname="com.crm.qa.testcases.NewContactsPageTest"/>
  <testcase name="newContactCreationTest" time="6.697" classname="com.crm.qa.testcases.NewContactsPageTest"/>
  <testcase name="newContactCreationTest" time="6.365" classname="com.crm.qa.testcases.NewContactsPageTest"/>
  <testcase name="newContactCreationTest" time="6.367" classname="com.crm.qa.testcases.NewContactsPageTest"/>
  <testcase name="newContactCreationTest" time="6.326" classname="com.crm.qa.testcases.NewContactsPageTest"/>
</testsuite> <!-- Surefire test -->
