<?xml version="1.0" encoding="UTF-8"?>
<!-- Generated by org.testng.reporters.JUnitXMLReporter -->
<testsuite ignored="0" hostname="Dell5250" failures="0" tests="3" name="Default test" time="51.741" errors="0" timestamp="2021-02-08T21:47:56 AST">
  <testcase classname="com.crm.qa.testcases.LoginPageTest" name="loginPageTitleTest" time="0.034"/>
  <testcase classname="com.crm.qa.testcases.LoginPageTest" name="loginTest" time="0.887"/>
  <testcase classname="com.crm.qa.testcases.LoginPageTest" name="clickOnSignUpPageLinkTest" time="2.572"/>
</testsuite> <!-- Default test -->
