<?xml version="1.0" encoding="UTF-8"?>
<!-- Generated by org.testng.reporters.JUnitXMLReporter -->
<testsuite ignored="0" hostname="Dell5250" failures="0" tests="3" name="Test1" time="56.257" errors="0" timestamp="2020-04-05T17:06:17 ADT">
  <testcase classname="com.crm.qa.testcases.LoginPageTest" name="loginPageTitleTest" time="0.216"/>
  <testcase classname="com.crm.qa.testcases.LoginPageTest" name="loginTest" time="1.456"/>
  <testcase classname="com.crm.qa.testcases.LoginPageTest" name="clickOnSignUpPageLinkTest" time="2.554"/>
</testsuite> <!-- Test1 -->
