<?xml version="1.0" encoding="UTF-8"?>
<!-- Generated by org.testng.reporters.JUnitXMLReporter -->
<testsuite ignored="0" hostname="Dell5250" failures="0" tests="14" name="Test3" time="19.634" errors="0" timestamp="2020-12-31T14:14:51 AST">
  <testcase classname="com.crm.qa.testcases.LoginPageTest" name="@BeforeMethod setUp" time="5.142">
    <failure type="org.openqa.selenium.SessionNotCreatedException" message="session not created: This version of ChromeDriver only supports Chrome version 79
Build info: version: &amp;apos;3.141.59&amp;apos;, revision: &amp;apos;e82be7d358&amp;apos;, time: &amp;apos;2018-11-14T08:17:03&amp;apos;
System info: host: &amp;apos;DELL5250&amp;apos;, ip: &amp;apos;192.168.2.14&amp;apos;, os.name: &amp;apos;Windows 10&amp;apos;, os.arch: &amp;apos;amd64&amp;apos;, os.version: &amp;apos;10.0&amp;apos;, java.version: &amp;apos;13.0.2&amp;apos;
Driver info: driver.version: ChromeDriver
remote stacktrace: Backtrace:
	Ordinal0 [0x0055A113+1548563]
	Ordinal0 [0x004DDDA1+1039777]
	Ordinal0 [0x0045E485+517253]
	Ordinal0 [0x003EFD34+64820]
	Ordinal0 [0x003EC61E+50718]
	Ordinal0 [0x0040B797+178071]
	Ordinal0 [0x0040B59D+177565]
	Ordinal0 [0x004095FB+169467]
	Ordinal0 [0x003F160A+71178]
	Ordinal0 [0x003F2690+75408]
	Ordinal0 [0x003F2629+75305]
	Ordinal0 [0x004F71B7+1143223]
	GetHandleVerifier [0x005F2B46+507814]
	GetHandleVerifier [0x005F2864+507076]
	GetHandleVerifier [0x005F9F47+537511]
	GetHandleVerifier [0x005F3402+510050]
	Ordinal0 [0x004EF29C+1110684]
	Ordinal0 [0x004F938B+1151883]
	Ordinal0 [0x004F94F3+1152243]
	Ordinal0 [0x004F83F5+1147893]
	BaseThreadInitThunk [0x752AFA29+25]
	RtlGetAppContainerNamedObjectPath [0x772F75F4+228]
	RtlGetAppContainerNamedObjectPath [0x772F75C4+180]
">
      <![CDATA[org.openqa.selenium.SessionNotCreatedException: session not created: This version of ChromeDriver only supports Chrome version 79
Build info: version: '3.141.59', revision: 'e82be7d358', time: '2018-11-14T08:17:03'
System info: host: 'DELL5250', ip: '192.168.2.14', os.name: 'Windows 10', os.arch: 'amd64', os.version: '10.0', java.version: '13.0.2'
Driver info: driver.version: ChromeDriver
remote stacktrace: Backtrace:
Ordinal0 [0x0055A113+1548563]
Ordinal0 [0x004DDDA1+1039777]
Ordinal0 [0x0045E485+517253]
Ordinal0 [0x003EFD34+64820]
Ordinal0 [0x003EC61E+50718]
Ordinal0 [0x0040B797+178071]
Ordinal0 [0x0040B59D+177565]
Ordinal0 [0x004095FB+169467]
Ordinal0 [0x003F160A+71178]
Ordinal0 [0x003F2690+75408]
Ordinal0 [0x003F2629+75305]
Ordinal0 [0x004F71B7+1143223]
GetHandleVerifier [0x005F2B46+507814]
GetHandleVerifier [0x005F2864+507076]
GetHandleVerifier [0x005F9F47+537511]
GetHandleVerifier [0x005F3402+510050]
Ordinal0 [0x004EF29C+1110684]
Ordinal0 [0x004F938B+1151883]
Ordinal0 [0x004F94F3+1152243]
Ordinal0 [0x004F83F5+1147893]
BaseThreadInitThunk [0x752AFA29+25]
RtlGetAppContainerNamedObjectPath [0x772F75F4+228]
RtlGetAppContainerNamedObjectPath [0x772F75C4+180]

at org.openqa.selenium.remote.W3CHandshakeResponse.lambda$errorHandler$0(W3CHandshakeResponse.java:62)
at org.openqa.selenium.remote.HandshakeResponse.lambda$getResponseFunction$0(HandshakeResponse.java:30)
at org.openqa.selenium.remote.ProtocolHandshake.lambda$createSession$0(ProtocolHandshake.java:126)
at java.base/java.util.stream.ReferencePipeline$3$1.accept(ReferencePipeline.java:195)
at java.base/java.util.Spliterators$ArraySpliterator.tryAdvance(Spliterators.java:958)
at java.base/java.util.stream.ReferencePipeline.forEachWithCancel(ReferencePipeline.java:127)
at java.base/java.util.stream.AbstractPipeline.copyIntoWithCancel(AbstractPipeline.java:502)
at java.base/java.util.stream.AbstractPipeline.copyInto(AbstractPipeline.java:488)
at java.base/java.util.stream.AbstractPipeline.wrapAndCopyInto(AbstractPipeline.java:474)
at java.base/java.util.stream.FindOps$FindOp.evaluateSequential(FindOps.java:150)
at java.base/java.util.stream.AbstractPipeline.evaluate(AbstractPipeline.java:234)
at java.base/java.util.stream.ReferencePipeline.findFirst(ReferencePipeline.java:543)
at org.openqa.selenium.remote.ProtocolHandshake.createSession(ProtocolHandshake.java:128)
at org.openqa.selenium.remote.ProtocolHandshake.createSession(ProtocolHandshake.java:74)
at org.openqa.selenium.remote.HttpCommandExecutor.execute(HttpCommandExecutor.java:136)
at org.openqa.selenium.remote.service.DriverCommandExecutor.execute(DriverCommandExecutor.java:83)
at org.openqa.selenium.remote.RemoteWebDriver.execute(RemoteWebDriver.java:552)
at org.openqa.selenium.remote.RemoteWebDriver.startSession(RemoteWebDriver.java:213)
at org.openqa.selenium.remote.RemoteWebDriver.<init>(RemoteWebDriver.java:131)
at org.openqa.selenium.chrome.ChromeDriver.<init>(ChromeDriver.java:181)
at org.openqa.selenium.chrome.ChromeDriver.<init>(ChromeDriver.java:168)
at org.openqa.selenium.chrome.ChromeDriver.<init>(ChromeDriver.java:123)
at com.crm.qa.base.TestBase.initialization(TestBase.java:36)
at com.crm.qa.testcases.LoginPageTest.setUp(LoginPageTest.java:28)
at java.base/java.util.ArrayList.forEach(ArrayList.java:1507)
... Removed 36 stack frames]]>
    </failure>
  </testcase> <!-- @BeforeMethod setUp -->
  <testcase classname="com.crm.qa.testcases.LoginPageTest" name="@AfterMethod tearDown" time="-1.609438476914E9">
    <skipped/>
  </testcase> <!-- @AfterMethod tearDown -->
  <testcase classname="com.crm.qa.testcases.LoginPageTest" name="@BeforeMethod setUp" time="-1.609438476928E9">
    <skipped/>
  </testcase> <!-- @BeforeMethod setUp -->
  <testcase classname="com.crm.qa.testcases.LoginPageTest" name="@AfterMethod tearDown" time="-1.609438476981E9">
    <skipped/>
  </testcase> <!-- @AfterMethod tearDown -->
  <testcase classname="com.crm.qa.testcases.LoginPageTest" name="@BeforeMethod setUp" time="-1.609438476993E9">
    <skipped/>
  </testcase> <!-- @BeforeMethod setUp -->
  <testcase classname="com.crm.qa.testcases.LoginPageTest" name="@AfterMethod tearDown" time="-1.609438477026E9">
    <skipped/>
  </testcase> <!-- @AfterMethod tearDown -->
  <testcase classname="com.crm.qa.testcases.HomePageTest" name="@BeforeMethod setUp" time="3.825">
    <failure type="org.openqa.selenium.SessionNotCreatedException" message="session not created: This version of ChromeDriver only supports Chrome version 79
Build info: version: &amp;apos;3.141.59&amp;apos;, revision: &amp;apos;e82be7d358&amp;apos;, time: &amp;apos;2018-11-14T08:17:03&amp;apos;
System info: host: &amp;apos;DELL5250&amp;apos;, ip: &amp;apos;192.168.2.14&amp;apos;, os.name: &amp;apos;Windows 10&amp;apos;, os.arch: &amp;apos;amd64&amp;apos;, os.version: &amp;apos;10.0&amp;apos;, java.version: &amp;apos;13.0.2&amp;apos;
Driver info: driver.version: ChromeDriver
remote stacktrace: Backtrace:
	Ordinal0 [0x0055A113+1548563]
	Ordinal0 [0x004DDDA1+1039777]
	Ordinal0 [0x0045E485+517253]
	Ordinal0 [0x003EFD34+64820]
	Ordinal0 [0x003EC61E+50718]
	Ordinal0 [0x0040B797+178071]
	Ordinal0 [0x0040B59D+177565]
	Ordinal0 [0x004095FB+169467]
	Ordinal0 [0x003F160A+71178]
	Ordinal0 [0x003F2690+75408]
	Ordinal0 [0x003F2629+75305]
	Ordinal0 [0x004F71B7+1143223]
	GetHandleVerifier [0x005F2B46+507814]
	GetHandleVerifier [0x005F2864+507076]
	GetHandleVerifier [0x005F9F47+537511]
	GetHandleVerifier [0x005F3402+510050]
	Ordinal0 [0x004EF29C+1110684]
	Ordinal0 [0x004F938B+1151883]
	Ordinal0 [0x004F94F3+1152243]
	Ordinal0 [0x004F83F5+1147893]
	BaseThreadInitThunk [0x752AFA29+25]
	RtlGetAppContainerNamedObjectPath [0x772F75F4+228]
	RtlGetAppContainerNamedObjectPath [0x772F75C4+180]
">
      <![CDATA[org.openqa.selenium.SessionNotCreatedException: session not created: This version of ChromeDriver only supports Chrome version 79
Build info: version: '3.141.59', revision: 'e82be7d358', time: '2018-11-14T08:17:03'
System info: host: 'DELL5250', ip: '192.168.2.14', os.name: 'Windows 10', os.arch: 'amd64', os.version: '10.0', java.version: '13.0.2'
Driver info: driver.version: ChromeDriver
remote stacktrace: Backtrace:
Ordinal0 [0x0055A113+1548563]
Ordinal0 [0x004DDDA1+1039777]
Ordinal0 [0x0045E485+517253]
Ordinal0 [0x003EFD34+64820]
Ordinal0 [0x003EC61E+50718]
Ordinal0 [0x0040B797+178071]
Ordinal0 [0x0040B59D+177565]
Ordinal0 [0x004095FB+169467]
Ordinal0 [0x003F160A+71178]
Ordinal0 [0x003F2690+75408]
Ordinal0 [0x003F2629+75305]
Ordinal0 [0x004F71B7+1143223]
GetHandleVerifier [0x005F2B46+507814]
GetHandleVerifier [0x005F2864+507076]
GetHandleVerifier [0x005F9F47+537511]
GetHandleVerifier [0x005F3402+510050]
Ordinal0 [0x004EF29C+1110684]
Ordinal0 [0x004F938B+1151883]
Ordinal0 [0x004F94F3+1152243]
Ordinal0 [0x004F83F5+1147893]
BaseThreadInitThunk [0x752AFA29+25]
RtlGetAppContainerNamedObjectPath [0x772F75F4+228]
RtlGetAppContainerNamedObjectPath [0x772F75C4+180]

at org.openqa.selenium.remote.W3CHandshakeResponse.lambda$errorHandler$0(W3CHandshakeResponse.java:62)
at org.openqa.selenium.remote.HandshakeResponse.lambda$getResponseFunction$0(HandshakeResponse.java:30)
at org.openqa.selenium.remote.ProtocolHandshake.lambda$createSession$0(ProtocolHandshake.java:126)
at java.base/java.util.stream.ReferencePipeline$3$1.accept(ReferencePipeline.java:195)
at java.base/java.util.Spliterators$ArraySpliterator.tryAdvance(Spliterators.java:958)
at java.base/java.util.stream.ReferencePipeline.forEachWithCancel(ReferencePipeline.java:127)
at java.base/java.util.stream.AbstractPipeline.copyIntoWithCancel(AbstractPipeline.java:502)
at java.base/java.util.stream.AbstractPipeline.copyInto(AbstractPipeline.java:488)
at java.base/java.util.stream.AbstractPipeline.wrapAndCopyInto(AbstractPipeline.java:474)
at java.base/java.util.stream.FindOps$FindOp.evaluateSequential(FindOps.java:150)
at java.base/java.util.stream.AbstractPipeline.evaluate(AbstractPipeline.java:234)
at java.base/java.util.stream.ReferencePipeline.findFirst(ReferencePipeline.java:543)
at org.openqa.selenium.remote.ProtocolHandshake.createSession(ProtocolHandshake.java:128)
at org.openqa.selenium.remote.ProtocolHandshake.createSession(ProtocolHandshake.java:74)
at org.openqa.selenium.remote.HttpCommandExecutor.execute(HttpCommandExecutor.java:136)
at org.openqa.selenium.remote.service.DriverCommandExecutor.execute(DriverCommandExecutor.java:83)
at org.openqa.selenium.remote.RemoteWebDriver.execute(RemoteWebDriver.java:552)
at org.openqa.selenium.remote.RemoteWebDriver.startSession(RemoteWebDriver.java:213)
at org.openqa.selenium.remote.RemoteWebDriver.<init>(RemoteWebDriver.java:131)
at org.openqa.selenium.chrome.ChromeDriver.<init>(ChromeDriver.java:181)
at org.openqa.selenium.chrome.ChromeDriver.<init>(ChromeDriver.java:168)
at org.openqa.selenium.chrome.ChromeDriver.<init>(ChromeDriver.java:123)
at com.crm.qa.base.TestBase.initialization(TestBase.java:36)
at com.crm.qa.testcases.HomePageTest.setUp(HomePageTest.java:26)
at java.base/java.util.ArrayList.forEach(ArrayList.java:1507)
... Removed 36 stack frames]]>
    </failure>
  </testcase> <!-- @BeforeMethod setUp -->
  <testcase classname="com.crm.qa.testcases.HomePageTest" name="@AfterMethod tearDown" time="-1.609438480902E9">
    <skipped/>
  </testcase> <!-- @AfterMethod tearDown -->
  <testcase classname="com.crm.qa.testcases.HomePageTest" name="@BeforeMethod setUp" time="-1.60943848091E9">
    <skipped/>
  </testcase> <!-- @BeforeMethod setUp -->
  <testcase classname="com.crm.qa.testcases.HomePageTest" name="@AfterMethod tearDown" time="-1.609438480936E9">
    <skipped/>
  </testcase> <!-- @AfterMethod tearDown -->
  <testcase classname="com.crm.qa.testcases.HomePageTest" name="@BeforeMethod setUp" time="-1.609438480939E9">
    <skipped/>
  </testcase> <!-- @BeforeMethod setUp -->
  <testcase classname="com.crm.qa.testcases.HomePageTest" name="@AfterMethod tearDown" time="-1.609438480982E9">
    <skipped/>
  </testcase> <!-- @AfterMethod tearDown -->
  <testcase classname="com.crm.qa.testcases.ContactsPageTest" name="@BeforeMethod setUp" time="3.966">
    <failure type="org.openqa.selenium.SessionNotCreatedException" message="session not created: This version of ChromeDriver only supports Chrome version 79
Build info: version: &amp;apos;3.141.59&amp;apos;, revision: &amp;apos;e82be7d358&amp;apos;, time: &amp;apos;2018-11-14T08:17:03&amp;apos;
System info: host: &amp;apos;DELL5250&amp;apos;, ip: &amp;apos;192.168.2.14&amp;apos;, os.name: &amp;apos;Windows 10&amp;apos;, os.arch: &amp;apos;amd64&amp;apos;, os.version: &amp;apos;10.0&amp;apos;, java.version: &amp;apos;13.0.2&amp;apos;
Driver info: driver.version: ChromeDriver
remote stacktrace: Backtrace:
	Ordinal0 [0x0055A113+1548563]
	Ordinal0 [0x004DDDA1+1039777]
	Ordinal0 [0x0045E485+517253]
	Ordinal0 [0x003EFD34+64820]
	Ordinal0 [0x003EC61E+50718]
	Ordinal0 [0x0040B797+178071]
	Ordinal0 [0x0040B59D+177565]
	Ordinal0 [0x004095FB+169467]
	Ordinal0 [0x003F160A+71178]
	Ordinal0 [0x003F2690+75408]
	Ordinal0 [0x003F2629+75305]
	Ordinal0 [0x004F71B7+1143223]
	GetHandleVerifier [0x005F2B46+507814]
	GetHandleVerifier [0x005F2864+507076]
	GetHandleVerifier [0x005F9F47+537511]
	GetHandleVerifier [0x005F3402+510050]
	Ordinal0 [0x004EF29C+1110684]
	Ordinal0 [0x004F938B+1151883]
	Ordinal0 [0x004F94F3+1152243]
	Ordinal0 [0x004F83F5+1147893]
	BaseThreadInitThunk [0x752AFA29+25]
	RtlGetAppContainerNamedObjectPath [0x772F75F4+228]
	RtlGetAppContainerNamedObjectPath [0x772F75C4+180]
">
      <![CDATA[org.openqa.selenium.SessionNotCreatedException: session not created: This version of ChromeDriver only supports Chrome version 79
Build info: version: '3.141.59', revision: 'e82be7d358', time: '2018-11-14T08:17:03'
System info: host: 'DELL5250', ip: '192.168.2.14', os.name: 'Windows 10', os.arch: 'amd64', os.version: '10.0', java.version: '13.0.2'
Driver info: driver.version: ChromeDriver
remote stacktrace: Backtrace:
Ordinal0 [0x0055A113+1548563]
Ordinal0 [0x004DDDA1+1039777]
Ordinal0 [0x0045E485+517253]
Ordinal0 [0x003EFD34+64820]
Ordinal0 [0x003EC61E+50718]
Ordinal0 [0x0040B797+178071]
Ordinal0 [0x0040B59D+177565]
Ordinal0 [0x004095FB+169467]
Ordinal0 [0x003F160A+71178]
Ordinal0 [0x003F2690+75408]
Ordinal0 [0x003F2629+75305]
Ordinal0 [0x004F71B7+1143223]
GetHandleVerifier [0x005F2B46+507814]
GetHandleVerifier [0x005F2864+507076]
GetHandleVerifier [0x005F9F47+537511]
GetHandleVerifier [0x005F3402+510050]
Ordinal0 [0x004EF29C+1110684]
Ordinal0 [0x004F938B+1151883]
Ordinal0 [0x004F94F3+1152243]
Ordinal0 [0x004F83F5+1147893]
BaseThreadInitThunk [0x752AFA29+25]
RtlGetAppContainerNamedObjectPath [0x772F75F4+228]
RtlGetAppContainerNamedObjectPath [0x772F75C4+180]

at org.openqa.selenium.remote.W3CHandshakeResponse.lambda$errorHandler$0(W3CHandshakeResponse.java:62)
at org.openqa.selenium.remote.HandshakeResponse.lambda$getResponseFunction$0(HandshakeResponse.java:30)
at org.openqa.selenium.remote.ProtocolHandshake.lambda$createSession$0(ProtocolHandshake.java:126)
at java.base/java.util.stream.ReferencePipeline$3$1.accept(ReferencePipeline.java:195)
at java.base/java.util.Spliterators$ArraySpliterator.tryAdvance(Spliterators.java:958)
at java.base/java.util.stream.ReferencePipeline.forEachWithCancel(ReferencePipeline.java:127)
at java.base/java.util.stream.AbstractPipeline.copyIntoWithCancel(AbstractPipeline.java:502)
at java.base/java.util.stream.AbstractPipeline.copyInto(AbstractPipeline.java:488)
at java.base/java.util.stream.AbstractPipeline.wrapAndCopyInto(AbstractPipeline.java:474)
at java.base/java.util.stream.FindOps$FindOp.evaluateSequential(FindOps.java:150)
at java.base/java.util.stream.AbstractPipeline.evaluate(AbstractPipeline.java:234)
at java.base/java.util.stream.ReferencePipeline.findFirst(ReferencePipeline.java:543)
at org.openqa.selenium.remote.ProtocolHandshake.createSession(ProtocolHandshake.java:128)
at org.openqa.selenium.remote.ProtocolHandshake.createSession(ProtocolHandshake.java:74)
at org.openqa.selenium.remote.HttpCommandExecutor.execute(HttpCommandExecutor.java:136)
at org.openqa.selenium.remote.service.DriverCommandExecutor.execute(DriverCommandExecutor.java:83)
at org.openqa.selenium.remote.RemoteWebDriver.execute(RemoteWebDriver.java:552)
at org.openqa.selenium.remote.RemoteWebDriver.startSession(RemoteWebDriver.java:213)
at org.openqa.selenium.remote.RemoteWebDriver.<init>(RemoteWebDriver.java:131)
at org.openqa.selenium.chrome.ChromeDriver.<init>(ChromeDriver.java:181)
at org.openqa.selenium.chrome.ChromeDriver.<init>(ChromeDriver.java:168)
at org.openqa.selenium.chrome.ChromeDriver.<init>(ChromeDriver.java:123)
at com.crm.qa.base.TestBase.initialization(TestBase.java:36)
at com.crm.qa.testcases.ContactsPageTest.setUp(ContactsPageTest.java:26)
at java.base/java.util.ArrayList.forEach(ArrayList.java:1507)
... Removed 36 stack frames]]>
    </failure>
  </testcase> <!-- @BeforeMethod setUp -->
  <testcase classname="com.crm.qa.testcases.ContactsPageTest" name="@AfterMethod tearDown" time="-1.60943848499E9">
    <skipped/>
  </testcase> <!-- @AfterMethod tearDown -->
  <testcase classname="com.crm.qa.testcases.ContactsPageTest" name="@BeforeMethod setUp" time="-1.609438484996E9">
    <skipped/>
  </testcase> <!-- @BeforeMethod setUp -->
  <testcase classname="com.crm.qa.testcases.ContactsPageTest" name="@AfterMethod tearDown" time="-1.609438485018E9">
    <skipped/>
  </testcase> <!-- @AfterMethod tearDown -->
  <testcase classname="com.crm.qa.testcases.ContactsPageTest" name="@BeforeMethod setUp" time="-1.609438485022E9">
    <skipped/>
  </testcase> <!-- @BeforeMethod setUp -->
  <testcase classname="com.crm.qa.testcases.ContactsPageTest" name="@AfterMethod tearDown" time="-1.609438485046E9">
    <skipped/>
  </testcase> <!-- @AfterMethod tearDown -->
  <testcase classname="com.crm.qa.testcases.NewContactsPageTest" name="@BeforeMethod setUp" time="4.22">
    <failure type="org.openqa.selenium.SessionNotCreatedException" message="session not created: This version of ChromeDriver only supports Chrome version 79
Build info: version: &amp;apos;3.141.59&amp;apos;, revision: &amp;apos;e82be7d358&amp;apos;, time: &amp;apos;2018-11-14T08:17:03&amp;apos;
System info: host: &amp;apos;DELL5250&amp;apos;, ip: &amp;apos;192.168.2.14&amp;apos;, os.name: &amp;apos;Windows 10&amp;apos;, os.arch: &amp;apos;amd64&amp;apos;, os.version: &amp;apos;10.0&amp;apos;, java.version: &amp;apos;13.0.2&amp;apos;
Driver info: driver.version: ChromeDriver
remote stacktrace: Backtrace:
	Ordinal0 [0x0055A113+1548563]
	Ordinal0 [0x004DDDA1+1039777]
	Ordinal0 [0x0045E485+517253]
	Ordinal0 [0x003EFD34+64820]
	Ordinal0 [0x003EC61E+50718]
	Ordinal0 [0x0040B797+178071]
	Ordinal0 [0x0040B59D+177565]
	Ordinal0 [0x004095FB+169467]
	Ordinal0 [0x003F160A+71178]
	Ordinal0 [0x003F2690+75408]
	Ordinal0 [0x003F2629+75305]
	Ordinal0 [0x004F71B7+1143223]
	GetHandleVerifier [0x005F2B46+507814]
	GetHandleVerifier [0x005F2864+507076]
	GetHandleVerifier [0x005F9F47+537511]
	GetHandleVerifier [0x005F3402+510050]
	Ordinal0 [0x004EF29C+1110684]
	Ordinal0 [0x004F938B+1151883]
	Ordinal0 [0x004F94F3+1152243]
	Ordinal0 [0x004F83F5+1147893]
	BaseThreadInitThunk [0x752AFA29+25]
	RtlGetAppContainerNamedObjectPath [0x772F75F4+228]
	RtlGetAppContainerNamedObjectPath [0x772F75C4+180]
">
      <![CDATA[org.openqa.selenium.SessionNotCreatedException: session not created: This version of ChromeDriver only supports Chrome version 79
Build info: version: '3.141.59', revision: 'e82be7d358', time: '2018-11-14T08:17:03'
System info: host: 'DELL5250', ip: '192.168.2.14', os.name: 'Windows 10', os.arch: 'amd64', os.version: '10.0', java.version: '13.0.2'
Driver info: driver.version: ChromeDriver
remote stacktrace: Backtrace:
Ordinal0 [0x0055A113+1548563]
Ordinal0 [0x004DDDA1+1039777]
Ordinal0 [0x0045E485+517253]
Ordinal0 [0x003EFD34+64820]
Ordinal0 [0x003EC61E+50718]
Ordinal0 [0x0040B797+178071]
Ordinal0 [0x0040B59D+177565]
Ordinal0 [0x004095FB+169467]
Ordinal0 [0x003F160A+71178]
Ordinal0 [0x003F2690+75408]
Ordinal0 [0x003F2629+75305]
Ordinal0 [0x004F71B7+1143223]
GetHandleVerifier [0x005F2B46+507814]
GetHandleVerifier [0x005F2864+507076]
GetHandleVerifier [0x005F9F47+537511]
GetHandleVerifier [0x005F3402+510050]
Ordinal0 [0x004EF29C+1110684]
Ordinal0 [0x004F938B+1151883]
Ordinal0 [0x004F94F3+1152243]
Ordinal0 [0x004F83F5+1147893]
BaseThreadInitThunk [0x752AFA29+25]
RtlGetAppContainerNamedObjectPath [0x772F75F4+228]
RtlGetAppContainerNamedObjectPath [0x772F75C4+180]

at org.openqa.selenium.remote.W3CHandshakeResponse.lambda$errorHandler$0(W3CHandshakeResponse.java:62)
at org.openqa.selenium.remote.HandshakeResponse.lambda$getResponseFunction$0(HandshakeResponse.java:30)
at org.openqa.selenium.remote.ProtocolHandshake.lambda$createSession$0(ProtocolHandshake.java:126)
at java.base/java.util.stream.ReferencePipeline$3$1.accept(ReferencePipeline.java:195)
at java.base/java.util.Spliterators$ArraySpliterator.tryAdvance(Spliterators.java:958)
at java.base/java.util.stream.ReferencePipeline.forEachWithCancel(ReferencePipeline.java:127)
at java.base/java.util.stream.AbstractPipeline.copyIntoWithCancel(AbstractPipeline.java:502)
at java.base/java.util.stream.AbstractPipeline.copyInto(AbstractPipeline.java:488)
at java.base/java.util.stream.AbstractPipeline.wrapAndCopyInto(AbstractPipeline.java:474)
at java.base/java.util.stream.FindOps$FindOp.evaluateSequential(FindOps.java:150)
at java.base/java.util.stream.AbstractPipeline.evaluate(AbstractPipeline.java:234)
at java.base/java.util.stream.ReferencePipeline.findFirst(ReferencePipeline.java:543)
at org.openqa.selenium.remote.ProtocolHandshake.createSession(ProtocolHandshake.java:128)
at org.openqa.selenium.remote.ProtocolHandshake.createSession(ProtocolHandshake.java:74)
at org.openqa.selenium.remote.HttpCommandExecutor.execute(HttpCommandExecutor.java:136)
at org.openqa.selenium.remote.service.DriverCommandExecutor.execute(DriverCommandExecutor.java:83)
at org.openqa.selenium.remote.RemoteWebDriver.execute(RemoteWebDriver.java:552)
at org.openqa.selenium.remote.RemoteWebDriver.startSession(RemoteWebDriver.java:213)
at org.openqa.selenium.remote.RemoteWebDriver.<init>(RemoteWebDriver.java:131)
at org.openqa.selenium.chrome.ChromeDriver.<init>(ChromeDriver.java:181)
at org.openqa.selenium.chrome.ChromeDriver.<init>(ChromeDriver.java:168)
at org.openqa.selenium.chrome.ChromeDriver.<init>(ChromeDriver.java:123)
at com.crm.qa.base.TestBase.initialization(TestBase.java:36)
at com.crm.qa.testcases.NewContactsPageTest.setUp(NewContactsPageTest.java:29)
at java.base/java.util.ArrayList.forEach(ArrayList.java:1507)
... Removed 36 stack frames]]>
    </failure>
  </testcase> <!-- @BeforeMethod setUp -->
  <testcase classname="com.crm.qa.testcases.NewContactsPageTest" name="@AfterMethod tearDown" time="-1.609438491155E9">
    <skipped/>
  </testcase> <!-- @AfterMethod tearDown -->
  <testcase classname="com.crm.qa.testcases.NewContactsPageTest" name="@BeforeMethod setUp" time="-1.609438491158E9">
    <skipped/>
  </testcase> <!-- @BeforeMethod setUp -->
  <testcase classname="com.crm.qa.testcases.NewContactsPageTest" name="@AfterMethod tearDown" time="-1.609438491173E9">
    <skipped/>
  </testcase> <!-- @AfterMethod tearDown -->
  <testcase classname="com.crm.qa.testcases.NewContactsPageTest" name="@BeforeMethod setUp" time="-1.609438491175E9">
    <skipped/>
  </testcase> <!-- @BeforeMethod setUp -->
  <testcase classname="com.crm.qa.testcases.NewContactsPageTest" name="@AfterMethod tearDown" time="-1.609438491193E9">
    <skipped/>
  </testcase> <!-- @AfterMethod tearDown -->
  <testcase classname="com.crm.qa.testcases.NewContactsPageTest" name="@BeforeMethod setUp" time="-1.609438491195E9">
    <skipped/>
  </testcase> <!-- @BeforeMethod setUp -->
  <testcase classname="com.crm.qa.testcases.NewContactsPageTest" name="@AfterMethod tearDown" time="-1.609438491217E9">
    <skipped/>
  </testcase> <!-- @AfterMethod tearDown -->
  <testcase classname="com.crm.qa.testcases.NewContactsPageTest" name="@BeforeMethod setUp" time="-1.609438491219E9">
    <skipped/>
  </testcase> <!-- @BeforeMethod setUp -->
  <testcase classname="com.crm.qa.testcases.NewContactsPageTest" name="@AfterMethod tearDown" time="-1.609438491231E9">
    <skipped/>
  </testcase> <!-- @AfterMethod tearDown -->
  <testcase classname="com.crm.qa.testcases.LoginPageTest" name="loginPageTitleTest" time="0.0">
    <skipped/>
  </testcase> <!-- loginPageTitleTest -->
  <testcase classname="com.crm.qa.testcases.LoginPageTest" name="loginTest" time="0.0">
    <skipped/>
  </testcase> <!-- loginTest -->
  <testcase classname="com.crm.qa.testcases.LoginPageTest" name="clickOnSignUpPageLinkTest" time="0.0">
    <skipped/>
  </testcase> <!-- clickOnSignUpPageLinkTest -->
  <testcase classname="com.crm.qa.testcases.HomePageTest" name="homePageTitleTest" time="0.0">
    <skipped/>
  </testcase> <!-- homePageTitleTest -->
  <testcase classname="com.crm.qa.testcases.HomePageTest" name="displayNameTest" time="0.0">
    <skipped/>
  </testcase> <!-- displayNameTest -->
  <testcase classname="com.crm.qa.testcases.HomePageTest" name="verifyContactsPageLink" time="0.0">
    <skipped/>
  </testcase> <!-- verifyContactsPageLink -->
  <testcase classname="com.crm.qa.testcases.ContactsPageTest" name="contactsLabelTest" time="0.0">
    <skipped/>
  </testcase> <!-- contactsLabelTest -->
  <testcase classname="com.crm.qa.testcases.ContactsPageTest" name="singleContactsNameTest" time="0.0">
    <skipped/>
  </testcase> <!-- singleContactsNameTest -->
  <testcase classname="com.crm.qa.testcases.ContactsPageTest" name="multipleContactsNameTest" time="0.0">
    <skipped/>
  </testcase> <!-- multipleContactsNameTest -->
  <testcase classname="com.crm.qa.testcases.NewContactsPageTest" name="newContactCreationTest" time="0.0">
    <skipped/>
  </testcase> <!-- newContactCreationTest -->
  <testcase classname="com.crm.qa.testcases.NewContactsPageTest" name="newContactCreationTest" time="0.0">
    <skipped/>
  </testcase> <!-- newContactCreationTest -->
  <testcase classname="com.crm.qa.testcases.NewContactsPageTest" name="newContactCreationTest" time="0.0">
    <skipped/>
  </testcase> <!-- newContactCreationTest -->
  <testcase classname="com.crm.qa.testcases.NewContactsPageTest" name="newContactCreationTest" time="0.0">
    <skipped/>
  </testcase> <!-- newContactCreationTest -->
  <testcase classname="com.crm.qa.testcases.NewContactsPageTest" name="newContactCreationTest" time="0.0">
    <skipped/>
  </testcase> <!-- newContactCreationTest -->
</testsuite> <!-- Test3 -->
