<?xml version="1.0" encoding="UTF-8"?>
<testng-results skipped="0" failed="1" ignored="2" total="14" passed="11">
  <reporter-output>
  </reporter-output>
  <suite name="Surefire suite" duration-ms="185147" started-at="2021-02-09T00:33:41 AST" finished-at="2021-02-09T00:36:46 AST">
    <groups>
    </groups>
    <test name="Surefire test" duration-ms="185147" started-at="2021-02-09T00:33:41 AST" finished-at="2021-02-09T00:36:46 AST">
      <class name="com.crm.qa.testcases.HomePageTest">
        <test-method status="PASS" signature="setUp()[pri:0, instance:com.crm.qa.testcases.HomePageTest@6adede5]" name="setUp" is-config="true" duration-ms="9206" started-at="2021-02-09T00:33:58 AST" finished-at="2021-02-09T00:34:07 AST">
          <reporter-output>
          </reporter-output>
        </test-method> <!-- setUp -->
        <test-method status="PASS" signature="homePageTitleTest()[pri:1, instance:com.crm.qa.testcases.HomePageTest@6adede5]" name="homePageTitleTest" duration-ms="9" started-at="2021-02-09T00:34:07 AST" finished-at="2021-02-09T00:34:07 AST">
          <reporter-output>
          </reporter-output>
        </test-method> <!-- homePageTitleTest -->
        <test-method status="PASS" signature="tearDown()[pri:0, instance:com.crm.qa.testcases.HomePageTest@6adede5]" name="tearDown" is-config="true" duration-ms="807" started-at="2021-02-09T00:34:07 AST" finished-at="2021-02-09T00:34:08 AST">
          <reporter-output>
          </reporter-output>
        </test-method> <!-- tearDown -->
        <test-method status="PASS" signature="setUp()[pri:0, instance:com.crm.qa.testcases.HomePageTest@6adede5]" name="setUp" is-config="true" duration-ms="7852" started-at="2021-02-09T00:34:08 AST" finished-at="2021-02-09T00:34:16 AST">
          <reporter-output>
          </reporter-output>
        </test-method> <!-- setUp -->
        <test-method status="PASS" signature="displayNameTest()[pri:2, instance:com.crm.qa.testcases.HomePageTest@6adede5]" name="displayNameTest" duration-ms="1085" started-at="2021-02-09T00:34:16 AST" finished-at="2021-02-09T00:34:17 AST">
          <reporter-output>
          </reporter-output>
        </test-method> <!-- displayNameTest -->
        <test-method status="PASS" signature="tearDown()[pri:0, instance:com.crm.qa.testcases.HomePageTest@6adede5]" name="tearDown" is-config="true" duration-ms="850" started-at="2021-02-09T00:34:17 AST" finished-at="2021-02-09T00:34:18 AST">
          <reporter-output>
          </reporter-output>
        </test-method> <!-- tearDown -->
        <test-method status="PASS" signature="setUp()[pri:0, instance:com.crm.qa.testcases.HomePageTest@6adede5]" name="setUp" is-config="true" duration-ms="9195" started-at="2021-02-09T00:34:18 AST" finished-at="2021-02-09T00:34:27 AST">
          <reporter-output>
          </reporter-output>
        </test-method> <!-- setUp -->
        <test-method status="PASS" signature="verifyContactsPageLink()[pri:3, instance:com.crm.qa.testcases.HomePageTest@6adede5]" name="verifyContactsPageLink" duration-ms="1255" started-at="2021-02-09T00:34:27 AST" finished-at="2021-02-09T00:34:29 AST">
          <reporter-output>
          </reporter-output>
        </test-method> <!-- verifyContactsPageLink -->
        <test-method status="PASS" signature="tearDown()[pri:0, instance:com.crm.qa.testcases.HomePageTest@6adede5]" name="tearDown" is-config="true" duration-ms="854" started-at="2021-02-09T00:34:29 AST" finished-at="2021-02-09T00:34:29 AST">
          <reporter-output>
          </reporter-output>
        </test-method> <!-- tearDown -->
      </class> <!-- com.crm.qa.testcases.HomePageTest -->
      <class name="com.crm.qa.testcases.ContactsPageTest">
        <test-method status="PASS" signature="setUp()[pri:0, instance:com.crm.qa.testcases.ContactsPageTest@5649fd9b]" name="setUp" is-config="true" duration-ms="15577" started-at="2021-02-09T00:33:41 AST" finished-at="2021-02-09T00:33:56 AST">
          <reporter-output>
          </reporter-output>
        </test-method> <!-- setUp -->
        <test-method status="PASS" signature="contactsLabelTest()[pri:1, instance:com.crm.qa.testcases.ContactsPageTest@5649fd9b]" name="contactsLabelTest" duration-ms="1182" started-at="2021-02-09T00:33:56 AST" finished-at="2021-02-09T00:33:57 AST">
          <reporter-output>
          </reporter-output>
        </test-method> <!-- contactsLabelTest -->
        <test-method status="PASS" signature="tearDown()[pri:0, instance:com.crm.qa.testcases.ContactsPageTest@5649fd9b]" name="tearDown" is-config="true" duration-ms="842" started-at="2021-02-09T00:33:57 AST" finished-at="2021-02-09T00:33:58 AST">
          <reporter-output>
          </reporter-output>
        </test-method> <!-- tearDown -->
      </class> <!-- com.crm.qa.testcases.ContactsPageTest -->
      <class name="com.crm.qa.testcases.LoginPageTest">
        <test-method status="PASS" signature="setUp()[pri:0, instance:com.crm.qa.testcases.LoginPageTest@2d928643]" name="setUp" is-config="true" duration-ms="8647" started-at="2021-02-09T00:34:29 AST" finished-at="2021-02-09T00:34:38 AST">
          <reporter-output>
          </reporter-output>
        </test-method> <!-- setUp -->
        <test-method status="PASS" signature="loginPageTitleTest()[pri:1, instance:com.crm.qa.testcases.LoginPageTest@2d928643]" name="loginPageTitleTest" duration-ms="11" started-at="2021-02-09T00:34:38 AST" description="hi" finished-at="2021-02-09T00:34:38 AST">
          <reporter-output>
          </reporter-output>
        </test-method> <!-- loginPageTitleTest -->
        <test-method status="PASS" signature="tearDown()[pri:0, instance:com.crm.qa.testcases.LoginPageTest@2d928643]" name="tearDown" is-config="true" duration-ms="816" started-at="2021-02-09T00:34:38 AST" finished-at="2021-02-09T00:34:39 AST">
          <reporter-output>
          </reporter-output>
        </test-method> <!-- tearDown -->
        <test-method status="PASS" signature="setUp()[pri:0, instance:com.crm.qa.testcases.LoginPageTest@2d928643]" name="setUp" is-config="true" duration-ms="8589" started-at="2021-02-09T00:34:39 AST" finished-at="2021-02-09T00:34:47 AST">
          <reporter-output>
          </reporter-output>
        </test-method> <!-- setUp -->
        <test-method status="PASS" signature="loginTest()[pri:2, instance:com.crm.qa.testcases.LoginPageTest@2d928643]" name="loginTest" duration-ms="642" started-at="2021-02-09T00:34:47 AST" finished-at="2021-02-09T00:34:48 AST">
          <reporter-output>
          </reporter-output>
        </test-method> <!-- loginTest -->
        <test-method status="PASS" signature="tearDown()[pri:0, instance:com.crm.qa.testcases.LoginPageTest@2d928643]" name="tearDown" is-config="true" duration-ms="942" started-at="2021-02-09T00:34:48 AST" finished-at="2021-02-09T00:34:49 AST">
          <reporter-output>
          </reporter-output>
        </test-method> <!-- tearDown -->
        <test-method status="PASS" signature="setUp()[pri:0, instance:com.crm.qa.testcases.LoginPageTest@2d928643]" name="setUp" is-config="true" duration-ms="8413" started-at="2021-02-09T00:34:49 AST" finished-at="2021-02-09T00:34:57 AST">
          <reporter-output>
          </reporter-output>
        </test-method> <!-- setUp -->
        <test-method status="PASS" signature="clickOnSignUpPageLinkTest()[pri:3, instance:com.crm.qa.testcases.LoginPageTest@2d928643]" name="clickOnSignUpPageLinkTest" duration-ms="1666" started-at="2021-02-09T00:34:57 AST" finished-at="2021-02-09T00:34:59 AST">
          <reporter-output>
          </reporter-output>
        </test-method> <!-- clickOnSignUpPageLinkTest -->
        <test-method status="PASS" signature="tearDown()[pri:0, instance:com.crm.qa.testcases.LoginPageTest@2d928643]" name="tearDown" is-config="true" duration-ms="945" started-at="2021-02-09T00:34:59 AST" finished-at="2021-02-09T00:35:00 AST">
          <reporter-output>
          </reporter-output>
        </test-method> <!-- tearDown -->
      </class> <!-- com.crm.qa.testcases.LoginPageTest -->
      <class name="com.crm.qa.testcases.NewContactsPageTest">
        <test-method status="PASS" signature="setUp()[pri:0, instance:com.crm.qa.testcases.NewContactsPageTest@5025a98f]" name="setUp" is-config="true" duration-ms="12677" started-at="2021-02-09T00:35:02 AST" finished-at="2021-02-09T00:35:15 AST">
          <reporter-output>
          </reporter-output>
        </test-method> <!-- setUp -->
        <test-method status="PASS" signature="newContactCreationTest(java.lang.String, java.lang.String, java.lang.String)[pri:1, instance:com.crm.qa.testcases.NewContactsPageTest@5025a98f]" name="newContactCreationTest" duration-ms="6459" started-at="2021-02-09T00:35:15 AST" data-provider="getCrmTestData" finished-at="2021-02-09T00:35:21 AST">
          <params>
            <param index="0">
              <value>
                <![CDATA[Neenu]]>
              </value>
            </param>
            <param index="1">
              <value>
                <![CDATA[Samuel ]]>
              </value>
            </param>
            <param index="2">
              <value>
                <![CDATA[Google]]>
              </value>
            </param>
          </params>
          <reporter-output>
          </reporter-output>
        </test-method> <!-- newContactCreationTest -->
        <test-method status="PASS" signature="tearDown()[pri:0, instance:com.crm.qa.testcases.NewContactsPageTest@5025a98f]" name="tearDown" is-config="true" duration-ms="1045" started-at="2021-02-09T00:35:21 AST" finished-at="2021-02-09T00:35:23 AST">
          <reporter-output>
          </reporter-output>
        </test-method> <!-- tearDown -->
        <test-method status="PASS" signature="setUp()[pri:0, instance:com.crm.qa.testcases.NewContactsPageTest@5025a98f]" name="setUp" is-config="true" duration-ms="13247" started-at="2021-02-09T00:35:23 AST" finished-at="2021-02-09T00:35:36 AST">
          <reporter-output>
          </reporter-output>
        </test-method> <!-- setUp -->
        <test-method status="FAIL" signature="newContactCreationTest(java.lang.String, java.lang.String, java.lang.String)[pri:1, instance:com.crm.qa.testcases.NewContactsPageTest@5025a98f]" name="newContactCreationTest" duration-ms="15107" started-at="2021-02-09T00:35:36 AST" data-provider="getCrmTestData" finished-at="2021-02-09T00:35:51 AST">
          <params>
            <param index="0">
              <value>
                <![CDATA[AK]]>
              </value>
            </param>
            <param index="1">
              <value>
                <![CDATA[Pillai]]>
              </value>
            </param>
            <param index="2">
              <value>
                <![CDATA[Facebook]]>
              </value>
            </param>
          </params>
          <exception class="org.openqa.selenium.NoSuchElementException">
            <message>
              <![CDATA[no such element: Unable to locate element: {"method":"xpath","selector":"//input[@name='first_name']"}
  (Session info: headless chrome=88.0.4324.146)
For documentation on this error, please visit: https://www.seleniumhq.org/exceptions/no_such_element.html
Build info: version: '3.141.59', revision: 'e82be7d358', time: '2018-11-14T08:17:03'
System info: host: 'DELL5250', ip: '192.168.2.14', os.name: 'Windows 10', os.arch: 'amd64', os.version: '10.0', java.version: '1.8.0_281'
Driver info: org.openqa.selenium.chrome.ChromeDriver
Capabilities {acceptInsecureCerts: false, browserName: chrome, browserVersion: 88.0.4324.146, chrome: {chromedriverVersion: 88.0.4324.96 (68dba2d8a0b14..., userDataDir: C:\Users\neenu\AppData\Loca...}, goog:chromeOptions: {debuggerAddress: localhost:50690}, javascriptEnabled: true, networkConnectionEnabled: false, pageLoadStrategy: normal, platform: WINDOWS, platformName: WINDOWS, proxy: Proxy(), setWindowRect: true, strictFileInteractability: false, timeouts: {implicit: 0, pageLoad: 300000, script: 30000}, unhandledPromptBehavior: dismiss and notify, webauthn:extension:largeBlob: true, webauthn:virtualAuthenticators: true}
Session ID: 5f2cb3012cf47c22ee7c359e8f3f771b
*** Element info: {Using=xpath, value=//input[@name='first_name']}]]>
            </message>
            <full-stacktrace>
              <![CDATA[org.openqa.selenium.NoSuchElementException: no such element: Unable to locate element: {"method":"xpath","selector":"//input[@name='first_name']"}
  (Session info: headless chrome=88.0.4324.146)
For documentation on this error, please visit: https://www.seleniumhq.org/exceptions/no_such_element.html
Build info: version: '3.141.59', revision: 'e82be7d358', time: '2018-11-14T08:17:03'
System info: host: 'DELL5250', ip: '192.168.2.14', os.name: 'Windows 10', os.arch: 'amd64', os.version: '10.0', java.version: '1.8.0_281'
Driver info: org.openqa.selenium.chrome.ChromeDriver
Capabilities {acceptInsecureCerts: false, browserName: chrome, browserVersion: 88.0.4324.146, chrome: {chromedriverVersion: 88.0.4324.96 (68dba2d8a0b14..., userDataDir: C:\Users\neenu\AppData\Loca...}, goog:chromeOptions: {debuggerAddress: localhost:50690}, javascriptEnabled: true, networkConnectionEnabled: false, pageLoadStrategy: normal, platform: WINDOWS, platformName: WINDOWS, proxy: Proxy(), setWindowRect: true, strictFileInteractability: false, timeouts: {implicit: 0, pageLoad: 300000, script: 30000}, unhandledPromptBehavior: dismiss and notify, webauthn:extension:largeBlob: true, webauthn:virtualAuthenticators: true}
Session ID: 5f2cb3012cf47c22ee7c359e8f3f771b
*** Element info: {Using=xpath, value=//input[@name='first_name']}
at sun.reflect.NativeConstructorAccessorImpl.newInstance0(Native Method)
at sun.reflect.NativeConstructorAccessorImpl.newInstance(NativeConstructorAccessorImpl.java:62)
at sun.reflect.DelegatingConstructorAccessorImpl.newInstance(DelegatingConstructorAccessorImpl.java:45)
at java.lang.reflect.Constructor.newInstance(Constructor.java:423)
at org.openqa.selenium.remote.http.W3CHttpResponseCodec.createException(W3CHttpResponseCodec.java:187)
at org.openqa.selenium.remote.http.W3CHttpResponseCodec.decode(W3CHttpResponseCodec.java:122)
at org.openqa.selenium.remote.http.W3CHttpResponseCodec.decode(W3CHttpResponseCodec.java:49)
at org.openqa.selenium.remote.HttpCommandExecutor.execute(HttpCommandExecutor.java:158)
at org.openqa.selenium.remote.service.DriverCommandExecutor.execute(DriverCommandExecutor.java:83)
at org.openqa.selenium.remote.RemoteWebDriver.execute(RemoteWebDriver.java:552)
at org.openqa.selenium.remote.RemoteWebDriver.findElement(RemoteWebDriver.java:323)
at org.openqa.selenium.remote.RemoteWebDriver.findElementByXPath(RemoteWebDriver.java:428)
at org.openqa.selenium.By$ByXPath.findElement(By.java:353)
at org.openqa.selenium.remote.RemoteWebDriver.findElement(RemoteWebDriver.java:315)
at org.openqa.selenium.support.pagefactory.DefaultElementLocator.findElement(DefaultElementLocator.java:69)
at org.openqa.selenium.support.pagefactory.internal.LocatingElementHandler.invoke(LocatingElementHandler.java:38)
at com.sun.proxy.$Proxy8.sendKeys(Unknown Source)
at com.crm.qa.pages.NewContactsPage.createNewContact(NewContactsPage.java:28)
at com.crm.qa.testcases.NewContactsPageTest.newContactCreationTest(NewContactsPageTest.java:44)
at sun.reflect.NativeMethodAccessorImpl.invoke0(Native Method)
at sun.reflect.NativeMethodAccessorImpl.invoke(NativeMethodAccessorImpl.java:62)
at sun.reflect.DelegatingMethodAccessorImpl.invoke(DelegatingMethodAccessorImpl.java:43)
at java.lang.reflect.Method.invoke(Method.java:498)
at org.testng.internal.MethodInvocationHelper.invokeMethod(MethodInvocationHelper.java:134)
at org.testng.internal.TestInvoker.invokeMethod(TestInvoker.java:597)
at org.testng.internal.TestInvoker.invokeTestMethod(TestInvoker.java:173)
at org.testng.internal.MethodRunner.runInSequence(MethodRunner.java:46)
at org.testng.internal.TestInvoker$MethodInvocationAgent.invoke(TestInvoker.java:816)
at org.testng.internal.TestInvoker.invokeTestMethods(TestInvoker.java:146)
at org.testng.internal.TestMethodWorker.invokeTestMethods(TestMethodWorker.java:146)
at org.testng.internal.TestMethodWorker.run(TestMethodWorker.java:128)
at java.util.ArrayList.forEach(ArrayList.java:1259)
at org.testng.TestRunner.privateRun(TestRunner.java:766)
at org.testng.TestRunner.run(TestRunner.java:587)
at org.testng.SuiteRunner.runTest(SuiteRunner.java:384)
at org.testng.SuiteRunner.runSequentially(SuiteRunner.java:378)
at org.testng.SuiteRunner.privateRun(SuiteRunner.java:337)
at org.testng.SuiteRunner.run(SuiteRunner.java:286)
at org.testng.SuiteRunnerWorker.runSuite(SuiteRunnerWorker.java:53)
at org.testng.SuiteRunnerWorker.run(SuiteRunnerWorker.java:96)
at org.testng.TestNG.runSuitesSequentially(TestNG.java:1187)
at org.testng.TestNG.runSuitesLocally(TestNG.java:1109)
at org.testng.TestNG.runSuites(TestNG.java:1039)
at org.testng.TestNG.run(TestNG.java:1007)
at org.apache.maven.surefire.testng.TestNGExecutor.run(TestNGExecutor.java:135)
at org.apache.maven.surefire.testng.TestNGDirectoryTestSuite.executeMulti(TestNGDirectoryTestSuite.java:193)
at org.apache.maven.surefire.testng.TestNGDirectoryTestSuite.execute(TestNGDirectoryTestSuite.java:94)
at org.apache.maven.surefire.testng.TestNGProvider.invoke(TestNGProvider.java:146)
at org.apache.maven.surefire.booter.ForkedBooter.invokeProviderInSameClassLoader(ForkedBooter.java:384)
at org.apache.maven.surefire.booter.ForkedBooter.runSuitesInProcess(ForkedBooter.java:345)
at org.apache.maven.surefire.booter.ForkedBooter.execute(ForkedBooter.java:126)
at org.apache.maven.surefire.booter.ForkedBooter.main(ForkedBooter.java:418)
]]>
            </full-stacktrace>
          </exception> <!-- org.openqa.selenium.NoSuchElementException -->
          <reporter-output>
          </reporter-output>
        </test-method> <!-- newContactCreationTest -->
        <test-method status="PASS" signature="tearDown()[pri:0, instance:com.crm.qa.testcases.NewContactsPageTest@5025a98f]" name="tearDown" is-config="true" duration-ms="818" started-at="2021-02-09T00:35:51 AST" finished-at="2021-02-09T00:35:52 AST">
          <reporter-output>
          </reporter-output>
        </test-method> <!-- tearDown -->
        <test-method status="PASS" signature="setUp()[pri:0, instance:com.crm.qa.testcases.NewContactsPageTest@5025a98f]" name="setUp" is-config="true" duration-ms="10188" started-at="2021-02-09T00:35:52 AST" finished-at="2021-02-09T00:36:02 AST">
          <reporter-output>
          </reporter-output>
        </test-method> <!-- setUp -->
        <test-method status="PASS" signature="newContactCreationTest(java.lang.String, java.lang.String, java.lang.String)[pri:1, instance:com.crm.qa.testcases.NewContactsPageTest@5025a98f]" name="newContactCreationTest" duration-ms="6477" started-at="2021-02-09T00:36:02 AST" data-provider="getCrmTestData" finished-at="2021-02-09T00:36:08 AST">
          <params>
            <param index="0">
              <value>
                <![CDATA[Roja]]>
              </value>
            </param>
            <param index="1">
              <value>
                <![CDATA[Abraham]]>
              </value>
            </param>
            <param index="2">
              <value>
                <![CDATA[Apollo]]>
              </value>
            </param>
          </params>
          <reporter-output>
          </reporter-output>
        </test-method> <!-- newContactCreationTest -->
        <test-method status="PASS" signature="tearDown()[pri:0, instance:com.crm.qa.testcases.NewContactsPageTest@5025a98f]" name="tearDown" is-config="true" duration-ms="954" started-at="2021-02-09T00:36:08 AST" finished-at="2021-02-09T00:36:09 AST">
          <reporter-output>
          </reporter-output>
        </test-method> <!-- tearDown -->
        <test-method status="PASS" signature="setUp()[pri:0, instance:com.crm.qa.testcases.NewContactsPageTest@5025a98f]" name="setUp" is-config="true" duration-ms="10725" started-at="2021-02-09T00:36:09 AST" finished-at="2021-02-09T00:36:20 AST">
          <reporter-output>
          </reporter-output>
        </test-method> <!-- setUp -->
        <test-method status="PASS" signature="newContactCreationTest(java.lang.String, java.lang.String, java.lang.String)[pri:1, instance:com.crm.qa.testcases.NewContactsPageTest@5025a98f]" name="newContactCreationTest" duration-ms="6565" started-at="2021-02-09T00:36:20 AST" data-provider="getCrmTestData" finished-at="2021-02-09T00:36:27 AST">
          <params>
            <param index="0">
              <value>
                <![CDATA[Nisha]]>
              </value>
            </param>
            <param index="1">
              <value>
                <![CDATA[Shiju]]>
              </value>
            </param>
            <param index="2">
              <value>
                <![CDATA[MHM]]>
              </value>
            </param>
          </params>
          <reporter-output>
          </reporter-output>
        </test-method> <!-- newContactCreationTest -->
        <test-method status="PASS" signature="tearDown()[pri:0, instance:com.crm.qa.testcases.NewContactsPageTest@5025a98f]" name="tearDown" is-config="true" duration-ms="1191" started-at="2021-02-09T00:36:27 AST" finished-at="2021-02-09T00:36:28 AST">
          <reporter-output>
          </reporter-output>
        </test-method> <!-- tearDown -->
        <test-method status="PASS" signature="setUp()[pri:0, instance:com.crm.qa.testcases.NewContactsPageTest@5025a98f]" name="setUp" is-config="true" duration-ms="10583" started-at="2021-02-09T00:36:28 AST" finished-at="2021-02-09T00:36:38 AST">
          <reporter-output>
          </reporter-output>
        </test-method> <!-- setUp -->
        <test-method status="PASS" signature="newContactCreationTest(java.lang.String, java.lang.String, java.lang.String)[pri:1, instance:com.crm.qa.testcases.NewContactsPageTest@5025a98f]" name="newContactCreationTest" duration-ms="6423" started-at="2021-02-09T00:36:38 AST" data-provider="getCrmTestData" finished-at="2021-02-09T00:36:45 AST">
          <params>
            <param index="0">
              <value>
                <![CDATA[Feba]]>
              </value>
            </param>
            <param index="1">
              <value>
                <![CDATA[Benny]]>
              </value>
            </param>
            <param index="2">
              <value>
                <![CDATA[Reliance]]>
              </value>
            </param>
          </params>
          <reporter-output>
          </reporter-output>
        </test-method> <!-- newContactCreationTest -->
        <test-method status="PASS" signature="tearDown()[pri:0, instance:com.crm.qa.testcases.NewContactsPageTest@5025a98f]" name="tearDown" is-config="true" duration-ms="827" started-at="2021-02-09T00:36:45 AST" finished-at="2021-02-09T00:36:46 AST">
          <reporter-output>
          </reporter-output>
        </test-method> <!-- tearDown -->
      </class> <!-- com.crm.qa.testcases.NewContactsPageTest -->
    </test> <!-- Surefire test -->
  </suite> <!-- Surefire suite -->
</testng-results>
