<?xml version="1.0" encoding="UTF-8"?>
<testng-results ignored="0" total="3" passed="3" failed="0" skipped="0">
  <reporter-output>
  </reporter-output>
  <suite started-at="2021-02-08T21:47:05 AST" name="Default suite" finished-at="2021-02-08T21:47:56 AST" duration-ms="51741">
    <groups>
    </groups>
    <test started-at="2021-02-08T21:47:05 AST" name="Default test" finished-at="2021-02-08T21:47:56 AST" duration-ms="51741">
      <class name="com.crm.qa.testcases.LoginPageTest">
        <test-method is-config="true" signature="setUp()[pri:0, instance:com.crm.qa.testcases.LoginPageTest@3901d134]" started-at="2021-02-08T21:47:05 AST" name="setUp" finished-at="2021-02-08T21:47:20 AST" duration-ms="15689" status="PASS">
          <reporter-output>
          </reporter-output>
        </test-method> <!-- setUp -->
        <test-method signature="loginPageTitleTest()[pri:1, instance:com.crm.qa.testcases.LoginPageTest@3901d134]" started-at="2021-02-08T21:47:20 AST" name="loginPageTitleTest" description="hi" finished-at="2021-02-08T21:47:20 AST" duration-ms="34" status="PASS">
          <reporter-output>
          </reporter-output>
        </test-method> <!-- loginPageTitleTest -->
        <test-method is-config="true" signature="tearDown()[pri:0, instance:com.crm.qa.testcases.LoginPageTest@3901d134]" started-at="2021-02-08T21:47:20 AST" name="tearDown" finished-at="2021-02-08T21:47:22 AST" duration-ms="1108" status="PASS">
          <reporter-output>
          </reporter-output>
        </test-method> <!-- tearDown -->
        <test-method is-config="true" signature="setUp()[pri:0, instance:com.crm.qa.testcases.LoginPageTest@3901d134]" started-at="2021-02-08T21:47:22 AST" name="setUp" finished-at="2021-02-08T21:47:36 AST" duration-ms="14077" status="PASS">
          <reporter-output>
          </reporter-output>
        </test-method> <!-- setUp -->
        <test-method signature="loginTest()[pri:2, instance:com.crm.qa.testcases.LoginPageTest@3901d134]" started-at="2021-02-08T21:47:36 AST" name="loginTest" finished-at="2021-02-08T21:47:37 AST" duration-ms="887" status="PASS">
          <reporter-output>
          </reporter-output>
        </test-method> <!-- loginTest -->
        <test-method is-config="true" signature="tearDown()[pri:0, instance:com.crm.qa.testcases.LoginPageTest@3901d134]" started-at="2021-02-08T21:47:37 AST" name="tearDown" finished-at="2021-02-08T21:47:38 AST" duration-ms="1096" status="PASS">
          <reporter-output>
          </reporter-output>
        </test-method> <!-- tearDown -->
        <test-method is-config="true" signature="setUp()[pri:0, instance:com.crm.qa.testcases.LoginPageTest@3901d134]" started-at="2021-02-08T21:47:38 AST" name="setUp" finished-at="2021-02-08T21:47:52 AST" duration-ms="14466" status="PASS">
          <reporter-output>
          </reporter-output>
        </test-method> <!-- setUp -->
        <test-method signature="clickOnSignUpPageLinkTest()[pri:3, instance:com.crm.qa.testcases.LoginPageTest@3901d134]" started-at="2021-02-08T21:47:52 AST" name="clickOnSignUpPageLinkTest" finished-at="2021-02-08T21:47:55 AST" duration-ms="2572" status="PASS">
          <reporter-output>
          </reporter-output>
        </test-method> <!-- clickOnSignUpPageLinkTest -->
        <test-method is-config="true" signature="tearDown()[pri:0, instance:com.crm.qa.testcases.LoginPageTest@3901d134]" started-at="2021-02-08T21:47:55 AST" name="tearDown" finished-at="2021-02-08T21:47:56 AST" duration-ms="1607" status="PASS">
          <reporter-output>
          </reporter-output>
        </test-method> <!-- tearDown -->
      </class> <!-- com.crm.qa.testcases.LoginPageTest -->
    </test> <!-- Default test -->
  </suite> <!-- Default suite -->
</testng-results>
